"Severity","ThreadID","Date","Time","Application","Message"
"ERROR","ajp-nio-8009-exec-1","06/13/2016","13:21:36","",";invalid component definition, can't find component [framework.one];invalid component definition, can't find component [framework.one]
	at lucee.runtime.component.ComponentLoader.load(ComponentLoader.java:314):314
	at lucee.runtime.component.ComponentLoader.loadComponent(ComponentLoader.java:59):59
	at lucee.runtime.ComponentImpl.init(ComponentImpl.java:388):388
	at application_cfc$cf.initComponent(C:\Apache24\htdocs\demo\src\web\Application.cfc):-1
	at application_cfc$cf.newInstance(C:\Apache24\htdocs\demo\src\web\Application.cfc:1):1
	at lucee.runtime.component.ComponentLoader.initComponent(ComponentLoader.java:576):576
	at lucee.runtime.component.ComponentLoader.loadComponent(ComponentLoader.java:457):457
	at lucee.runtime.component.ComponentLoader.loadComponent(ComponentLoader.java:388):388
	at lucee.runtime.listener.ModernAppListener._onRequest(ModernAppListener.java:110):110
	at lucee.runtime.listener.MixedAppListener.onRequest(MixedAppListener.java:35):35
	at lucee.runtime.PageContextImpl.execute(PageContextImpl.java:2262):2262
	at lucee.runtime.PageContextImpl.execute(PageContextImpl.java:2225):2225
	at lucee.runtime.engine.CFMLEngineImpl.serviceCFML(CFMLEngineImpl.java:456):456
	at lucee.loader.servlet.CFMLServlet.service(CFMLServlet.java:47):47
	at javax.servlet.http.HttpServlet.service(HttpServlet.java:729):729
	at org.apache.catalina.core.ApplicationFilterChain.internalDoFilter(ApplicationFilterChain.java:291):291
	at org.apache.catalina.core.ApplicationFilterChain.doFilter(ApplicationFilterChain.java:206):206
	at org.apache.tomcat.websocket.server.WsFilter.doFilter(WsFilter.java:52):52
	at org.apache.catalina.core.ApplicationFilterChain.internalDoFilter(ApplicationFilterChain.java:239):239
	at org.apache.catalina.core.ApplicationFilterChain.doFilter(ApplicationFilterChain.java:206):206
	at org.apache.catalina.core.StandardWrapperValve.invoke(StandardWrapperValve.java:217):217
	at org.apache.catalina.core.StandardContextValve.invoke(StandardContextValve.java:106):106
	at org.apache.catalina.authenticator.AuthenticatorBase.invoke(AuthenticatorBase.java:502):502
	at org.apache.catalina.core.StandardHostValve.invoke(StandardHostValve.java:142):142
	at org.apache.catalina.valves.ErrorReportValve.invoke(ErrorReportValve.java:79):79
	at org.apache.catalina.core.StandardEngineValve.invoke(StandardEngineValve.java:88):88
	at org.apache.catalina.connector.CoyoteAdapter.service(CoyoteAdapter.java:518):518
	at org.apache.coyote.ajp.AbstractAjpProcessor.process(AbstractAjpProcessor.java:844):844
	at org.apache.coyote.AbstractProtocol$AbstractConnectionHandler.process(AbstractProtocol.java:673):673
	at org.apache.tomcat.util.net.NioEndpoint$SocketProcessor.doRun(NioEndpoint.java:1500):1500
	at org.apache.tomcat.util.net.NioEndpoint$SocketProcessor.run(NioEndpoint.java:1456):1456
	at java.util.concurrent.ThreadPoolExecutor.runWorker(ThreadPoolExecutor.java:1142):1142
	at java.util.concurrent.ThreadPoolExecutor$Worker.run(ThreadPoolExecutor.java:617):617
	at org.apache.tomcat.util.threads.TaskThread$WrappingRunnable.run(TaskThread.java:61):61
	at java.lang.Thread.run(Thread.java:745):745
"
"ERROR","ajp-nio-8009-exec-2","06/16/2016","10:05:30","",";too few attributes in function [arrayFindNoCase];too few attributes in function [arrayFindNoCase]
	at lucee.transformer.cfml.expression.AbstrCFMLExprTransformer.getFunctionMember(AbstrCFMLExprTransformer.java:1736):1736
	at lucee.transformer.cfml.expression.AbstrCFMLExprTransformer.startElement(AbstrCFMLExprTransformer.java:1473):1473
	at lucee.transformer.cfml.expression.AbstrCFMLExprTransformer.dynamic(AbstrCFMLExprTransformer.java:1253):1253
	at lucee.transformer.cfml.expression.AbstrCFMLExprTransformer.checker(AbstrCFMLExprTransformer.java:973):973
	at lucee.transformer.cfml.expression.AbstrCFMLExprTransformer.clip(AbstrCFMLExprTransformer.java:941):941
	at lucee.transformer.cfml.expression.AbstrCFMLExprTransformer.negatePlusMinusOp(AbstrCFMLExprTransformer.java:929):929
	at lucee.transformer.cfml.expression.AbstrCFMLExprTransformer.unaryOp(AbstrCFMLExprTransformer.java:862):862
	at lucee.transformer.cfml.expression.AbstrCFMLExprTransformer.expoOp(AbstrCFMLExprTransformer.java:851):851
	at lucee.transformer.cfml.expression.AbstrCFMLExprTransformer.divMultiOp(AbstrCFMLExprTransformer.java:791):791
	at lucee.transformer.cfml.expression.AbstrCFMLExprTransformer.modOp(AbstrCFMLExprTransformer.java:759):759
	at lucee.transformer.cfml.expression.AbstrCFMLExprTransformer.plusMinusOp(AbstrCFMLExprTransformer.java:711):711
	at lucee.transformer.cfml.expression.AbstrCFMLExprTransformer.concatOp(AbstrCFMLExprTransformer.java:676):676
	at lucee.transformer.cfml.expression.AbstrCFMLExprTransformer.decsionOp(AbstrCFMLExprTransformer.java:509):509
	at lucee.transformer.cfml.expression.AbstrCFMLExprTransformer.notOp(AbstrCFMLExprTransformer.java:494):494
	at lucee.transformer.cfml.expression.AbstrCFMLExprTransformer.andOp(AbstrCFMLExprTransformer.java:464):464
	at lucee.transformer.cfml.expression.AbstrCFMLExprTransformer.orOp(AbstrCFMLExprTransformer.java:445):445
	at lucee.transformer.cfml.expression.AbstrCFMLExprTransformer.xorOp(AbstrCFMLExprTransformer.java:427):427
	at lucee.transformer.cfml.expression.AbstrCFMLExprTransformer.eqvOp(AbstrCFMLExprTransformer.java:410):410
	at lucee.transformer.cfml.expression.AbstrCFMLExprTransformer.impOp(AbstrCFMLExprTransformer.java:393):393
	at lucee.transformer.cfml.expression.AbstrCFMLExprTransformer.conditionalOp(AbstrCFMLExprTransformer.java:359):359
	at lucee.transformer.cfml.expression.AbstrCFMLExprTransformer.assignOp(AbstrCFMLExprTransformer.java:335):335
	at lucee.transformer.cfml.expression.AbstrCFMLExprTransformer.expression(AbstrCFMLExprTransformer.java:285):285
	at lucee.transformer.cfml.script.AbstrCFMLScriptTransformer.condition(AbstrCFMLScriptTransformer.java:1751):1751
	at lucee.transformer.cfml.script.AbstrCFMLScriptTransformer.ifStatement(AbstrCFMLScriptTransformer.java:245):245
	at lucee.transformer.cfml.script.AbstrCFMLScriptTransformer.statement(AbstrCFMLScriptTransformer.java:209):209
	at lucee.transformer.cfml.script.AbstrCFMLScriptTransformer.statement(AbstrCFMLScriptTransformer.java:201):201
	at lucee.transformer.cfml.script.AbstrCFMLScriptTransformer.statements(AbstrCFMLScriptTransformer.java:184):184
	at lucee.transformer.cfml.script.AbstrCFMLScriptTransformer.block(AbstrCFMLScriptTransformer.java:1879):1879
	at lucee.transformer.cfml.script.AbstrCFMLScriptTransformer.statement(AbstrCFMLScriptTransformer.java:221):221
	at lucee.transformer.cfml.script.AbstrCFMLScriptTransformer.closurePart(AbstrCFMLScriptTransformer.java:896):896
	at lucee.transformer.cfml.script.AbstrCFMLScriptTransformer.funcStatement(AbstrCFMLScriptTransformer.java:740):740
	at lucee.transformer.cfml.script.AbstrCFMLScriptTransformer.statement(AbstrCFMLScriptTransformer.java:212):212
	at lucee.transformer.cfml.script.AbstrCFMLScriptTransformer.statement(AbstrCFMLScriptTransformer.java:201):201
	at lucee.transformer.cfml.script.AbstrCFMLScriptTransformer.statements(AbstrCFMLScriptTransformer.java:184):184
	at lucee.transformer.cfml.script.AbstrCFMLScriptTransformer.block(AbstrCFMLScriptTransformer.java:1879):1879
	at lucee.transformer.cfml.script.AbstrCFMLScriptTransformer.statement(AbstrCFMLScriptTransformer.java:221):221
	at lucee.transformer.cfml.script.AbstrCFMLScriptTransformer.__multiAttrStatement(AbstrCFMLScriptTransformer.java:994):994
	at lucee.transformer.cfml.script.AbstrCFMLScriptTransformer._multiAttrStatement(AbstrCFMLScriptTransformer.java:933):933
	at lucee.transformer.cfml.script.AbstrCFMLScriptTransformer.tagStatement(AbstrCFMLScriptTransformer.java:920):920
	at lucee.transformer.cfml.script.AbstrCFMLScriptTransformer.statement(AbstrCFMLScriptTransformer.java:219):219
	at lucee.transformer.cfml.script.AbstrCFMLScriptTransformer.statement(AbstrCFMLScriptTransformer.java:201):201
	at lucee.transformer.cfml.script.AbstrCFMLScriptTransformer.statements(AbstrCFMLScriptTransformer.java:184):184
	at lucee.transformer.cfml.script.AbstrCFMLScriptTransformer.statements(AbstrCFMLScriptTransformer.java:168):168
	at lucee.transformer.cfml.script.CFMLScriptTransformer.transform(CFMLScriptTransformer.java:50):50
	at lucee.transformer.cfml.tag.CFMLTransformer.tag(CFMLTransformer.java:600):600
	at lucee.transformer.cfml.tag.CFMLTransformer.body(CFMLTransformer.java:331):331
	at lucee.transformer.cfml.tag.CFMLTransformer.transform(CFMLTransformer.java:271):271
	at lucee.transformer.cfml.tag.CFMLTransformer.transform(CFMLTransformer.java:171):171
	at lucee.runtime.compiler.CFMLCompilerImpl.compile(CFMLCompilerImpl.java:78):78
	at lucee.runtime.PageSourceImpl._compile(PageSourceImpl.java:335):335
	at lucee.runtime.PageSourceImpl.compile(PageSourceImpl.java:304):304
	at lucee.runtime.PageSourceImpl.loadPhysical(PageSourceImpl.java:242):242
	at lucee.runtime.PageSourceImpl.loadPage(PageSourceImpl.java:176):176
	at lucee.runtime.component.ComponentLoader.loadComponent(ComponentLoader.java:456):456
	at lucee.runtime.component.ComponentLoader.loadComponent(ComponentLoader.java:388):388
	at lucee.runtime.listener.ModernAppListener._onRequest(ModernAppListener.java:110):110
	at lucee.runtime.listener.MixedAppListener.onRequest(MixedAppListener.java:35):35
	at lucee.runtime.PageContextImpl.execute(PageContextImpl.java:2262):2262
	at lucee.runtime.PageContextImpl.execute(PageContextImpl.java:2225):2225
	at lucee.runtime.engine.CFMLEngineImpl.serviceCFML(CFMLEngineImpl.java:456):456
	at lucee.loader.servlet.CFMLServlet.service(CFMLServlet.java:47):47
	at javax.servlet.http.HttpServlet.service(HttpServlet.java:729):729
	at org.apache.catalina.core.ApplicationFilterChain.internalDoFilter(ApplicationFilterChain.java:291):291
	at org.apache.catalina.core.ApplicationFilterChain.doFilter(ApplicationFilterChain.java:206):206
	at org.apache.tomcat.websocket.server.WsFilter.doFilter(WsFilter.java:52):52
	at org.apache.catalina.core.ApplicationFilterChain.internalDoFilter(ApplicationFilterChain.java:239):239
	at org.apache.catalina.core.ApplicationFilterChain.doFilter(ApplicationFilterChain.java:206):206
	at org.apache.catalina.core.StandardWrapperValve.invoke(StandardWrapperValve.java:217):217
	at org.apache.catalina.core.StandardContextValve.invoke(StandardContextValve.java:106):106
	at org.apache.catalina.authenticator.AuthenticatorBase.invoke(AuthenticatorBase.java:502):502
	at org.apache.catalina.core.StandardHostValve.invoke(StandardHostValve.java:142):142
	at org.apache.catalina.valves.ErrorReportValve.invoke(ErrorReportValve.java:79):79
	at org.apache.catalina.core.StandardEngineValve.invoke(StandardEngineValve.java:88):88
	at org.apache.catalina.connector.CoyoteAdapter.service(CoyoteAdapter.java:518):518
	at org.apache.coyote.ajp.AbstractAjpProcessor.process(AbstractAjpProcessor.java:844):844
	at org.apache.coyote.AbstractProtocol$AbstractConnectionHandler.process(AbstractProtocol.java:673):673
	at org.apache.tomcat.util.net.NioEndpoint$SocketProcessor.doRun(NioEndpoint.java:1500):1500
	at org.apache.tomcat.util.net.NioEndpoint$SocketProcessor.run(NioEndpoint.java:1456):1456
	at java.util.concurrent.ThreadPoolExecutor.runWorker(ThreadPoolExecutor.java:1142):1142
	at java.util.concurrent.ThreadPoolExecutor$Worker.run(ThreadPoolExecutor.java:617):617
	at org.apache.tomcat.util.threads.TaskThread$WrappingRunnable.run(TaskThread.java:61):61
	at java.lang.Thread.run(Thread.java:745):745
"
"ERROR","ajp-nio-8009-exec-4","06/16/2016","10:17:49","",";too few attributes in function [arrayFindNoCase];too few attributes in function [arrayFindNoCase]
	at lucee.transformer.cfml.expression.AbstrCFMLExprTransformer.getFunctionMember(AbstrCFMLExprTransformer.java:1736):1736
	at lucee.transformer.cfml.expression.AbstrCFMLExprTransformer.startElement(AbstrCFMLExprTransformer.java:1473):1473
	at lucee.transformer.cfml.expression.AbstrCFMLExprTransformer.dynamic(AbstrCFMLExprTransformer.java:1253):1253
	at lucee.transformer.cfml.expression.AbstrCFMLExprTransformer.checker(AbstrCFMLExprTransformer.java:973):973
	at lucee.transformer.cfml.expression.AbstrCFMLExprTransformer.clip(AbstrCFMLExprTransformer.java:941):941
	at lucee.transformer.cfml.expression.AbstrCFMLExprTransformer.negatePlusMinusOp(AbstrCFMLExprTransformer.java:929):929
	at lucee.transformer.cfml.expression.AbstrCFMLExprTransformer.unaryOp(AbstrCFMLExprTransformer.java:862):862
	at lucee.transformer.cfml.expression.AbstrCFMLExprTransformer.expoOp(AbstrCFMLExprTransformer.java:851):851
	at lucee.transformer.cfml.expression.AbstrCFMLExprTransformer.divMultiOp(AbstrCFMLExprTransformer.java:791):791
	at lucee.transformer.cfml.expression.AbstrCFMLExprTransformer.modOp(AbstrCFMLExprTransformer.java:759):759
	at lucee.transformer.cfml.expression.AbstrCFMLExprTransformer.plusMinusOp(AbstrCFMLExprTransformer.java:711):711
	at lucee.transformer.cfml.expression.AbstrCFMLExprTransformer.concatOp(AbstrCFMLExprTransformer.java:676):676
	at lucee.transformer.cfml.expression.AbstrCFMLExprTransformer.decsionOp(AbstrCFMLExprTransformer.java:509):509
	at lucee.transformer.cfml.expression.AbstrCFMLExprTransformer.notOp(AbstrCFMLExprTransformer.java:494):494
	at lucee.transformer.cfml.expression.AbstrCFMLExprTransformer.notOp(AbstrCFMLExprTransformer.java:488):488
	at lucee.transformer.cfml.expression.AbstrCFMLExprTransformer.andOp(AbstrCFMLExprTransformer.java:464):464
	at lucee.transformer.cfml.expression.AbstrCFMLExprTransformer.orOp(AbstrCFMLExprTransformer.java:445):445
	at lucee.transformer.cfml.expression.AbstrCFMLExprTransformer.xorOp(AbstrCFMLExprTransformer.java:427):427
	at lucee.transformer.cfml.expression.AbstrCFMLExprTransformer.eqvOp(AbstrCFMLExprTransformer.java:410):410
	at lucee.transformer.cfml.expression.AbstrCFMLExprTransformer.impOp(AbstrCFMLExprTransformer.java:393):393
	at lucee.transformer.cfml.expression.AbstrCFMLExprTransformer.conditionalOp(AbstrCFMLExprTransformer.java:359):359
	at lucee.transformer.cfml.expression.AbstrCFMLExprTransformer.assignOp(AbstrCFMLExprTransformer.java:335):335
	at lucee.transformer.cfml.expression.AbstrCFMLExprTransformer.expression(AbstrCFMLExprTransformer.java:285):285
	at lucee.transformer.cfml.script.AbstrCFMLScriptTransformer.condition(AbstrCFMLScriptTransformer.java:1751):1751
	at lucee.transformer.cfml.script.AbstrCFMLScriptTransformer.ifStatement(AbstrCFMLScriptTransformer.java:245):245
	at lucee.transformer.cfml.script.AbstrCFMLScriptTransformer.statement(AbstrCFMLScriptTransformer.java:209):209
	at lucee.transformer.cfml.script.AbstrCFMLScriptTransformer.statement(AbstrCFMLScriptTransformer.java:201):201
	at lucee.transformer.cfml.script.AbstrCFMLScriptTransformer.statements(AbstrCFMLScriptTransformer.java:184):184
	at lucee.transformer.cfml.script.AbstrCFMLScriptTransformer.block(AbstrCFMLScriptTransformer.java:1879):1879
	at lucee.transformer.cfml.script.AbstrCFMLScriptTransformer.statement(AbstrCFMLScriptTransformer.java:221):221
	at lucee.transformer.cfml.script.AbstrCFMLScriptTransformer.ifStatement(AbstrCFMLScriptTransformer.java:249):249
	at lucee.transformer.cfml.script.AbstrCFMLScriptTransformer.statement(AbstrCFMLScriptTransformer.java:209):209
	at lucee.transformer.cfml.script.AbstrCFMLScriptTransformer.statement(AbstrCFMLScriptTransformer.java:201):201
	at lucee.transformer.cfml.script.AbstrCFMLScriptTransformer.statements(AbstrCFMLScriptTransformer.java:184):184
	at lucee.transformer.cfml.script.AbstrCFMLScriptTransformer.block(AbstrCFMLScriptTransformer.java:1879):1879
	at lucee.transformer.cfml.script.AbstrCFMLScriptTransformer.statement(AbstrCFMLScriptTransformer.java:221):221
	at lucee.transformer.cfml.script.AbstrCFMLScriptTransformer.closurePart(AbstrCFMLScriptTransformer.java:896):896
	at lucee.transformer.cfml.script.AbstrCFMLScriptTransformer.funcStatement(AbstrCFMLScriptTransformer.java:740):740
	at lucee.transformer.cfml.script.AbstrCFMLScriptTransformer.statement(AbstrCFMLScriptTransformer.java:212):212
	at lucee.transformer.cfml.script.AbstrCFMLScriptTransformer.statement(AbstrCFMLScriptTransformer.java:201):201
	at lucee.transformer.cfml.script.AbstrCFMLScriptTransformer.statements(AbstrCFMLScriptTransformer.java:184):184
	at lucee.transformer.cfml.script.AbstrCFMLScriptTransformer.block(AbstrCFMLScriptTransformer.java:1879):1879
	at lucee.transformer.cfml.script.AbstrCFMLScriptTransformer.statement(AbstrCFMLScriptTransformer.java:221):221
	at lucee.transformer.cfml.script.AbstrCFMLScriptTransformer.__multiAttrStatement(AbstrCFMLScriptTransformer.java:994):994
	at lucee.transformer.cfml.script.AbstrCFMLScriptTransformer._multiAttrStatement(AbstrCFMLScriptTransformer.java:933):933
	at lucee.transformer.cfml.script.AbstrCFMLScriptTransformer.tagStatement(AbstrCFMLScriptTransformer.java:920):920
	at lucee.transformer.cfml.script.AbstrCFMLScriptTransformer.statement(AbstrCFMLScriptTransformer.java:219):219
	at lucee.transformer.cfml.script.AbstrCFMLScriptTransformer.statement(AbstrCFMLScriptTransformer.java:201):201
	at lucee.transformer.cfml.script.AbstrCFMLScriptTransformer.statements(AbstrCFMLScriptTransformer.java:184):184
	at lucee.transformer.cfml.script.AbstrCFMLScriptTransformer.statements(AbstrCFMLScriptTransformer.java:168):168
	at lucee.transformer.cfml.script.CFMLScriptTransformer.transform(CFMLScriptTransformer.java:50):50
	at lucee.transformer.cfml.tag.CFMLTransformer.tag(CFMLTransformer.java:600):600
	at lucee.transformer.cfml.tag.CFMLTransformer.body(CFMLTransformer.java:331):331
	at lucee.transformer.cfml.tag.CFMLTransformer.transform(CFMLTransformer.java:271):271
	at lucee.transformer.cfml.tag.CFMLTransformer.transform(CFMLTransformer.java:171):171
	at lucee.runtime.compiler.CFMLCompilerImpl.compile(CFMLCompilerImpl.java:78):78
	at lucee.runtime.PageSourceImpl._compile(PageSourceImpl.java:335):335
	at lucee.runtime.PageSourceImpl.compile(PageSourceImpl.java:304):304
	at lucee.runtime.PageSourceImpl.loadPhysical(PageSourceImpl.java:242):242
	at lucee.runtime.PageSourceImpl.loadPage(PageSourceImpl.java:176):176
	at lucee.runtime.component.ComponentLoader.loadComponent(ComponentLoader.java:456):456
	at lucee.runtime.component.ComponentLoader.loadComponent(ComponentLoader.java:388):388
	at lucee.runtime.listener.ModernAppListener._onRequest(ModernAppListener.java:110):110
	at lucee.runtime.listener.MixedAppListener.onRequest(MixedAppListener.java:35):35
	at lucee.runtime.PageContextImpl.execute(PageContextImpl.java:2262):2262
	at lucee.runtime.PageContextImpl.execute(PageContextImpl.java:2225):2225
	at lucee.runtime.engine.CFMLEngineImpl.serviceCFML(CFMLEngineImpl.java:456):456
	at lucee.loader.servlet.CFMLServlet.service(CFMLServlet.java:47):47
	at javax.servlet.http.HttpServlet.service(HttpServlet.java:729):729
	at org.apache.catalina.core.ApplicationFilterChain.internalDoFilter(ApplicationFilterChain.java:291):291
	at org.apache.catalina.core.ApplicationFilterChain.doFilter(ApplicationFilterChain.java:206):206
	at org.apache.tomcat.websocket.server.WsFilter.doFilter(WsFilter.java:52):52
	at org.apache.catalina.core.ApplicationFilterChain.internalDoFilter(ApplicationFilterChain.java:239):239
	at org.apache.catalina.core.ApplicationFilterChain.doFilter(ApplicationFilterChain.java:206):206
	at org.apache.catalina.core.StandardWrapperValve.invoke(StandardWrapperValve.java:217):217
	at org.apache.catalina.core.StandardContextValve.invoke(StandardContextValve.java:106):106
	at org.apache.catalina.authenticator.AuthenticatorBase.invoke(AuthenticatorBase.java:502):502
	at org.apache.catalina.core.StandardHostValve.invoke(StandardHostValve.java:142):142
	at org.apache.catalina.valves.ErrorReportValve.invoke(ErrorReportValve.java:79):79
	at org.apache.catalina.core.StandardEngineValve.invoke(StandardEngineValve.java:88):88
	at org.apache.catalina.connector.CoyoteAdapter.service(CoyoteAdapter.java:518):518
	at org.apache.coyote.ajp.AbstractAjpProcessor.process(AbstractAjpProcessor.java:844):844
	at org.apache.coyote.AbstractProtocol$AbstractConnectionHandler.process(AbstractProtocol.java:673):673
	at org.apache.tomcat.util.net.NioEndpoint$SocketProcessor.doRun(NioEndpoint.java:1500):1500
	at org.apache.tomcat.util.net.NioEndpoint$SocketProcessor.run(NioEndpoint.java:1456):1456
	at java.util.concurrent.ThreadPoolExecutor.runWorker(ThreadPoolExecutor.java:1142):1142
	at java.util.concurrent.ThreadPoolExecutor$Worker.run(ThreadPoolExecutor.java:617):617
	at org.apache.tomcat.util.threads.TaskThread$WrappingRunnable.run(TaskThread.java:61):61
	at java.lang.Thread.run(Thread.java:745):745
"
"ERROR","ajp-nio-8009-exec-6","06/16/2016","10:18:14","",";too few attributes in function [arrayFindNoCase];too few attributes in function [arrayFindNoCase]
	at lucee.transformer.cfml.expression.AbstrCFMLExprTransformer.getFunctionMember(AbstrCFMLExprTransformer.java:1736):1736
	at lucee.transformer.cfml.expression.AbstrCFMLExprTransformer.startElement(AbstrCFMLExprTransformer.java:1473):1473
	at lucee.transformer.cfml.expression.AbstrCFMLExprTransformer.dynamic(AbstrCFMLExprTransformer.java:1253):1253
	at lucee.transformer.cfml.expression.AbstrCFMLExprTransformer.checker(AbstrCFMLExprTransformer.java:973):973
	at lucee.transformer.cfml.expression.AbstrCFMLExprTransformer.clip(AbstrCFMLExprTransformer.java:941):941
	at lucee.transformer.cfml.expression.AbstrCFMLExprTransformer.negatePlusMinusOp(AbstrCFMLExprTransformer.java:929):929
	at lucee.transformer.cfml.expression.AbstrCFMLExprTransformer.unaryOp(AbstrCFMLExprTransformer.java:862):862
	at lucee.transformer.cfml.expression.AbstrCFMLExprTransformer.expoOp(AbstrCFMLExprTransformer.java:851):851
	at lucee.transformer.cfml.expression.AbstrCFMLExprTransformer.divMultiOp(AbstrCFMLExprTransformer.java:791):791
	at lucee.transformer.cfml.expression.AbstrCFMLExprTransformer.modOp(AbstrCFMLExprTransformer.java:759):759
	at lucee.transformer.cfml.expression.AbstrCFMLExprTransformer.plusMinusOp(AbstrCFMLExprTransformer.java:711):711
	at lucee.transformer.cfml.expression.AbstrCFMLExprTransformer.concatOp(AbstrCFMLExprTransformer.java:676):676
	at lucee.transformer.cfml.expression.AbstrCFMLExprTransformer.decsionOp(AbstrCFMLExprTransformer.java:509):509
	at lucee.transformer.cfml.expression.AbstrCFMLExprTransformer.notOp(AbstrCFMLExprTransformer.java:494):494
	at lucee.transformer.cfml.expression.AbstrCFMLExprTransformer.notOp(AbstrCFMLExprTransformer.java:488):488
	at lucee.transformer.cfml.expression.AbstrCFMLExprTransformer.andOp(AbstrCFMLExprTransformer.java:464):464
	at lucee.transformer.cfml.expression.AbstrCFMLExprTransformer.orOp(AbstrCFMLExprTransformer.java:445):445
	at lucee.transformer.cfml.expression.AbstrCFMLExprTransformer.xorOp(AbstrCFMLExprTransformer.java:427):427
	at lucee.transformer.cfml.expression.AbstrCFMLExprTransformer.eqvOp(AbstrCFMLExprTransformer.java:410):410
	at lucee.transformer.cfml.expression.AbstrCFMLExprTransformer.impOp(AbstrCFMLExprTransformer.java:393):393
	at lucee.transformer.cfml.expression.AbstrCFMLExprTransformer.conditionalOp(AbstrCFMLExprTransformer.java:359):359
	at lucee.transformer.cfml.expression.AbstrCFMLExprTransformer.assignOp(AbstrCFMLExprTransformer.java:335):335
	at lucee.transformer.cfml.expression.AbstrCFMLExprTransformer.expression(AbstrCFMLExprTransformer.java:285):285
	at lucee.transformer.cfml.script.AbstrCFMLScriptTransformer.condition(AbstrCFMLScriptTransformer.java:1751):1751
	at lucee.transformer.cfml.script.AbstrCFMLScriptTransformer.elseifStatement(AbstrCFMLScriptTransformer.java:284):284
	at lucee.transformer.cfml.script.AbstrCFMLScriptTransformer.ifStatement(AbstrCFMLScriptTransformer.java:252):252
	at lucee.transformer.cfml.script.AbstrCFMLScriptTransformer.statement(AbstrCFMLScriptTransformer.java:209):209
	at lucee.transformer.cfml.script.AbstrCFMLScriptTransformer.statement(AbstrCFMLScriptTransformer.java:201):201
	at lucee.transformer.cfml.script.AbstrCFMLScriptTransformer.statements(AbstrCFMLScriptTransformer.java:184):184
	at lucee.transformer.cfml.script.AbstrCFMLScriptTransformer.block(AbstrCFMLScriptTransformer.java:1879):1879
	at lucee.transformer.cfml.script.AbstrCFMLScriptTransformer.statement(AbstrCFMLScriptTransformer.java:221):221
	at lucee.transformer.cfml.script.AbstrCFMLScriptTransformer.closurePart(AbstrCFMLScriptTransformer.java:896):896
	at lucee.transformer.cfml.script.AbstrCFMLScriptTransformer.funcStatement(AbstrCFMLScriptTransformer.java:740):740
	at lucee.transformer.cfml.script.AbstrCFMLScriptTransformer.statement(AbstrCFMLScriptTransformer.java:212):212
	at lucee.transformer.cfml.script.AbstrCFMLScriptTransformer.statement(AbstrCFMLScriptTransformer.java:201):201
	at lucee.transformer.cfml.script.AbstrCFMLScriptTransformer.statements(AbstrCFMLScriptTransformer.java:184):184
	at lucee.transformer.cfml.script.AbstrCFMLScriptTransformer.block(AbstrCFMLScriptTransformer.java:1879):1879
	at lucee.transformer.cfml.script.AbstrCFMLScriptTransformer.statement(AbstrCFMLScriptTransformer.java:221):221
	at lucee.transformer.cfml.script.AbstrCFMLScriptTransformer.__multiAttrStatement(AbstrCFMLScriptTransformer.java:994):994
	at lucee.transformer.cfml.script.AbstrCFMLScriptTransformer._multiAttrStatement(AbstrCFMLScriptTransformer.java:933):933
	at lucee.transformer.cfml.script.AbstrCFMLScriptTransformer.tagStatement(AbstrCFMLScriptTransformer.java:920):920
	at lucee.transformer.cfml.script.AbstrCFMLScriptTransformer.statement(AbstrCFMLScriptTransformer.java:219):219
	at lucee.transformer.cfml.script.AbstrCFMLScriptTransformer.statement(AbstrCFMLScriptTransformer.java:201):201
	at lucee.transformer.cfml.script.AbstrCFMLScriptTransformer.statements(AbstrCFMLScriptTransformer.java:184):184
	at lucee.transformer.cfml.script.AbstrCFMLScriptTransformer.statements(AbstrCFMLScriptTransformer.java:168):168
	at lucee.transformer.cfml.script.CFMLScriptTransformer.transform(CFMLScriptTransformer.java:50):50
	at lucee.transformer.cfml.tag.CFMLTransformer.tag(CFMLTransformer.java:600):600
	at lucee.transformer.cfml.tag.CFMLTransformer.body(CFMLTransformer.java:331):331
	at lucee.transformer.cfml.tag.CFMLTransformer.transform(CFMLTransformer.java:271):271
	at lucee.transformer.cfml.tag.CFMLTransformer.transform(CFMLTransformer.java:171):171
	at lucee.runtime.compiler.CFMLCompilerImpl.compile(CFMLCompilerImpl.java:78):78
	at lucee.runtime.PageSourceImpl._compile(PageSourceImpl.java:335):335
	at lucee.runtime.PageSourceImpl.compile(PageSourceImpl.java:304):304
	at lucee.runtime.PageSourceImpl.loadPhysical(PageSourceImpl.java:242):242
	at lucee.runtime.PageSourceImpl.loadPage(PageSourceImpl.java:176):176
	at lucee.runtime.component.ComponentLoader.loadComponent(ComponentLoader.java:456):456
	at lucee.runtime.component.ComponentLoader.loadComponent(ComponentLoader.java:388):388
	at lucee.runtime.listener.ModernAppListener._onRequest(ModernAppListener.java:110):110
	at lucee.runtime.listener.MixedAppListener.onRequest(MixedAppListener.java:35):35
	at lucee.runtime.PageContextImpl.execute(PageContextImpl.java:2262):2262
	at lucee.runtime.PageContextImpl.execute(PageContextImpl.java:2225):2225
	at lucee.runtime.engine.CFMLEngineImpl.serviceCFML(CFMLEngineImpl.java:456):456
	at lucee.loader.servlet.CFMLServlet.service(CFMLServlet.java:47):47
	at javax.servlet.http.HttpServlet.service(HttpServlet.java:729):729
	at org.apache.catalina.core.ApplicationFilterChain.internalDoFilter(ApplicationFilterChain.java:291):291
	at org.apache.catalina.core.ApplicationFilterChain.doFilter(ApplicationFilterChain.java:206):206
	at org.apache.tomcat.websocket.server.WsFilter.doFilter(WsFilter.java:52):52
	at org.apache.catalina.core.ApplicationFilterChain.internalDoFilter(ApplicationFilterChain.java:239):239
	at org.apache.catalina.core.ApplicationFilterChain.doFilter(ApplicationFilterChain.java:206):206
	at org.apache.catalina.core.StandardWrapperValve.invoke(StandardWrapperValve.java:217):217
	at org.apache.catalina.core.StandardContextValve.invoke(StandardContextValve.java:106):106
	at org.apache.catalina.authenticator.AuthenticatorBase.invoke(AuthenticatorBase.java:502):502
	at org.apache.catalina.core.StandardHostValve.invoke(StandardHostValve.java:142):142
	at org.apache.catalina.valves.ErrorReportValve.invoke(ErrorReportValve.java:79):79
	at org.apache.catalina.core.StandardEngineValve.invoke(StandardEngineValve.java:88):88
	at org.apache.catalina.connector.CoyoteAdapter.service(CoyoteAdapter.java:518):518
	at org.apache.coyote.ajp.AbstractAjpProcessor.process(AbstractAjpProcessor.java:844):844
	at org.apache.coyote.AbstractProtocol$AbstractConnectionHandler.process(AbstractProtocol.java:673):673
	at org.apache.tomcat.util.net.NioEndpoint$SocketProcessor.doRun(NioEndpoint.java:1500):1500
	at org.apache.tomcat.util.net.NioEndpoint$SocketProcessor.run(NioEndpoint.java:1456):1456
	at java.util.concurrent.ThreadPoolExecutor.runWorker(ThreadPoolExecutor.java:1142):1142
	at java.util.concurrent.ThreadPoolExecutor$Worker.run(ThreadPoolExecutor.java:617):617
	at org.apache.tomcat.util.threads.TaskThread$WrappingRunnable.run(TaskThread.java:61):61
	at java.lang.Thread.run(Thread.java:745):745
"
"ERROR","ajp-nio-8009-exec-4","06/16/2016","10:41:58","",";invalid component definition, can't find component [framework.one];invalid component definition, can't find component [framework.one]
	at lucee.runtime.component.ComponentLoader.load(ComponentLoader.java:314):314
	at lucee.runtime.component.ComponentLoader.loadComponent(ComponentLoader.java:59):59
	at lucee.runtime.ComponentImpl.init(ComponentImpl.java:388):388
	at application_cfc$cf.initComponent(C:\Apache24\htdocs\demo\src\web\Application.cfc):-1
	at application_cfc$cf.newInstance(C:\Apache24\htdocs\demo\src\web\Application.cfc:1):1
	at lucee.runtime.component.ComponentLoader.initComponent(ComponentLoader.java:576):576
	at lucee.runtime.component.ComponentLoader.loadComponent(ComponentLoader.java:457):457
	at lucee.runtime.component.ComponentLoader.loadComponent(ComponentLoader.java:388):388
	at lucee.runtime.listener.ModernAppListener._onRequest(ModernAppListener.java:110):110
	at lucee.runtime.listener.MixedAppListener.onRequest(MixedAppListener.java:35):35
	at lucee.runtime.PageContextImpl.execute(PageContextImpl.java:2262):2262
	at lucee.runtime.PageContextImpl.execute(PageContextImpl.java:2225):2225
	at lucee.runtime.engine.CFMLEngineImpl.serviceCFML(CFMLEngineImpl.java:456):456
	at lucee.loader.servlet.CFMLServlet.service(CFMLServlet.java:47):47
	at javax.servlet.http.HttpServlet.service(HttpServlet.java:729):729
	at org.apache.catalina.core.ApplicationFilterChain.internalDoFilter(ApplicationFilterChain.java:291):291
	at org.apache.catalina.core.ApplicationFilterChain.doFilter(ApplicationFilterChain.java:206):206
	at org.apache.tomcat.websocket.server.WsFilter.doFilter(WsFilter.java:52):52
	at org.apache.catalina.core.ApplicationFilterChain.internalDoFilter(ApplicationFilterChain.java:239):239
	at org.apache.catalina.core.ApplicationFilterChain.doFilter(ApplicationFilterChain.java:206):206
	at org.apache.catalina.core.StandardWrapperValve.invoke(StandardWrapperValve.java:217):217
	at org.apache.catalina.core.StandardContextValve.invoke(StandardContextValve.java:106):106
	at org.apache.catalina.authenticator.AuthenticatorBase.invoke(AuthenticatorBase.java:502):502
	at org.apache.catalina.core.StandardHostValve.invoke(StandardHostValve.java:142):142
	at org.apache.catalina.valves.ErrorReportValve.invoke(ErrorReportValve.java:79):79
	at org.apache.catalina.core.StandardEngineValve.invoke(StandardEngineValve.java:88):88
	at org.apache.catalina.connector.CoyoteAdapter.service(CoyoteAdapter.java:518):518
	at org.apache.coyote.ajp.AbstractAjpProcessor.process(AbstractAjpProcessor.java:844):844
	at org.apache.coyote.AbstractProtocol$AbstractConnectionHandler.process(AbstractProtocol.java:673):673
	at org.apache.tomcat.util.net.NioEndpoint$SocketProcessor.doRun(NioEndpoint.java:1500):1500
	at org.apache.tomcat.util.net.NioEndpoint$SocketProcessor.run(NioEndpoint.java:1456):1456
	at java.util.concurrent.ThreadPoolExecutor.runWorker(ThreadPoolExecutor.java:1142):1142
	at java.util.concurrent.ThreadPoolExecutor$Worker.run(ThreadPoolExecutor.java:617):617
	at org.apache.tomcat.util.threads.TaskThread$WrappingRunnable.run(TaskThread.java:61):61
	at java.lang.Thread.run(Thread.java:745):745
"
